<?xml version="1.0" encoding="UTF-8"?>
<testng-results ignored="0" total="1" passed="1" failed="0" skipped="0">
  <reporter-output>
  </reporter-output>
  <suite started-at="2022-05-20T17:06:25 IST" name="Default suite" finished-at="2022-05-20T17:07:08 IST" duration-ms="42957">
    <groups>
    </groups>
    <test started-at="2022-05-20T17:06:25 IST" name="Default test" finished-at="2022-05-20T17:07:08 IST" duration-ms="42957">
      <class name="com.RMGYantra_EndToEnd_Scenario.EndToEndScenario_Test">
        <test-method is-config="true" signature="getConnection()[pri:0, instance:com.RMGYantra_EndToEnd_Scenario.EndToEndScenario_Test@130c12b7]" started-at="2022-05-20T17:06:24 IST" name="getConnection" finished-at="2022-05-20T17:06:25 IST" duration-ms="397" status="PASS">
          <reporter-output>
          </reporter-output>
        </test-method> <!-- getConnection -->
        <test-method signature="endToEnd()[pri:0, instance:com.RMGYantra_EndToEnd_Scenario.EndToEndScenario_Test@130c12b7]" started-at="2022-05-20T17:06:25 IST" name="endToEnd" finished-at="2022-05-20T17:07:08 IST" duration-ms="42861" status="PASS">
          <reporter-output>
          </reporter-output>
        </test-method> <!-- endToEnd -->
      </class> <!-- com.RMGYantra_EndToEnd_Scenario.EndToEndScenario_Test -->
    </test> <!-- Default test -->
  </suite> <!-- Default suite -->
</testng-results>
